1695276623660	geckodriver	INFO	Listening on 127.0.0.1:57418
1695276626711	mozrunner::runner	INFO	Running command: "C:\\Program Files\\Mozilla Firefox\\firefox.exe" "--marionette" "--remote-debugging-port" "57419" "--remote-allow-hosts" "localhost" "-no-remote" "-profile" "C:\\Users\\jerom\\AppData\\Local\\Temp\\rust_mozprofile0hwSuX"
console.warn: services.settings: Ignoring preference override of remote settings server
console.warn: services.settings: Allow by setting MOZ_REMOTE_SETTINGS_DEVTOOLS=1 in the environment
1695276627994	Marionette	INFO	Marionette enabled
Dynamically enable window occlusion 0
1695276628272	Marionette	INFO	Listening on port 57431
WebDriver BiDi listening on ws://127.0.0.1:57419
Read port: 57431
1695276628877	RemoteAgent	WARN	TLS certificate errors will be ignored for this session
DevTools listening on ws://127.0.0.1:57419/devtools/browser/84aa195b-92f5-41e2-8b14-523452dc3798
JavaScript warning: https://ajax.googleapis.com/ajax/libs/jquery/1.9.0/jquery.min.js, line 4: Using //@ to indicate sourceMappingURL pragmas is deprecated. Use //# instead
JavaScript warning: https://ajax.googleapis.com/ajax/libs/jquery/1.9.0/jquery.min.js, line 4: Using //@ to indicate sourceMappingURL pragmas is deprecated. Use //# instead
JavaScript warning: https://ajax.googleapis.com/ajax/libs/jquery/1.9.0/jquery.min.js, line 4: Using //@ to indicate sourceMappingURL pragmas is deprecated. Use //# instead
JavaScript warning: https://js-agent.newrelic.com/nr-full.61be70b9-1.240.0.min.js, line 2: Script terminated by timeout at:
a@https://js-agent.newrelic.com/nr-full.61be70b9-1.240.0.min.js:2:15946
_send@https://js-agent.newrelic.com/nr-full.61be70b9-1.240.0.min.js:2:4792
sendX@https://js-agent.newrelic.com/nr-full.61be70b9-1.240.0.min.js:2:3112
a@https://js-agent.newrelic.com/nr-full.61be70b9-1.240.0.min.js:2:1533
2573/runHarvest/<@https://js-agent.newrelic.com/nr-full.61be70b9-1.240.0.min.js:2:1647
runHarvest@https://js-agent.newrelic.com/nr-full.61be70b9-1.240.0.min.js:2:1633
unload@https://js-agent.newrelic.com/nr-full.61be70b9-1.240.0.min.js:2:687
i/<@https://archiveofourown.org/tags/1-800-WHERE-R-U%20Series%20-%20Meg%20Cabot/works:8:13981
nrWrapper@https://archiveofourown.org/tags/1-800-WHERE-R-U%20Series%20-%20Meg%20Cabot/works:8:14890

JavaScript error: resource://gre/actors/ContentMetaChild.sys.mjs, line 179: InvalidStateError: JSWindowActorChild.sendAsyncMessage: JSWindowActorChild cannot send at the moment
1695276659423	Marionette	INFO	Stopped listening on port 57431
Dynamically enable window occlusion 1
[Parent 14268, IPC I/O Parent] WARNING: DuplicateHandle failed for handle 0 in TransferHandles: file /builds/worker/checkouts/gecko/ipc/chromium/src/chrome/common/ipc_channel_win.cc:621
[GPU 14724, IPC I/O Child] WARNING: pipe error: 232: file /builds/worker/checkouts/gecko/ipc/chromium/src/chrome/common/ipc_channel_win.cc:443
[Parent 14268, IPC I/O Parent] WARNING: DuplicateHandle failed for handle 0 in TransferHandles: file /builds/worker/checkouts/gecko/ipc/chromium/src/chrome/common/ipc_channel_win.cc:621
[GPU 14724, IPC I/O Child] WARNING: pipe error: 232: file /builds/worker/checkouts/gecko/ipc/chromium/src/chrome/common/ipc_channel_win.cc:443
console.error: (new Error("Polling for changes failed: NetworkError: Network request failed.", "resource://services-settings/remote-settings.sys.mjs", 324))
1695276659523	addons.xpi	ERROR	System addon update list error Error: Failed downloading XML, status: 0, channelStatus: 2147500036, errorCode: 2, reason: error
[Parent 14268, IPC I/O Parent] WARNING: DuplicateHandle failed for handle 0 in TransferHandles: file /builds/worker/checkouts/gecko/ipc/chromium/src/chrome/common/ipc_channel_win.cc:621
[GPU 14724, IPC I/O Child] WARNING: pipe error: 232: file /builds/worker/checkouts/gecko/ipc/chromium/src/chrome/common/ipc_channel_win.cc:443
[Parent 14268, IPC I/O Parent] WARNING: DuplicateHandle failed for handle 0 in TransferHandles: file /builds/worker/checkouts/gecko/ipc/chromium/src/chrome/common/ipc_channel_win.cc:621
[GPU 14724, IPC I/O Child] WARNING: pipe error: 232: file /builds/worker/checkouts/gecko/ipc/chromium/src/chrome/common/ipc_channel_win.cc:443
[Parent 14268, IPC I/O Parent] WARNING: DuplicateHandle failed for handle 0 in TransferHandles: file /builds/worker/checkouts/gecko/ipc/chromium/src/chrome/common/ipc_channel_win.cc:621
[GPU 14724, IPC I/O Child] WARNING: pipe error: 232: file /builds/worker/checkouts/gecko/ipc/chromium/src/chrome/common/ipc_channel_win.cc:443
